

> @miraui/button@0.1.0 build /Users/idt-macbook/Desktop/library/miraui/packages/component/button
> tsup src --dts

[34mCLI[39m Building entry: src/button.component.ts, src/button.module.ts, src/index.ts
[34mCLI[39m Using tsconfig: tsconfig.json
[34mCLI[39m tsup v8.3.5
[34mCLI[39m Using tsup config: /Users/idt-macbook/Desktop/library/miraui/packages/component/button/tsup.config.ts
[34mCLI[39m Target: es2019
[34mCLI[39m Cleaning output folder
[34mCJS[39m Build start
[34mESM[39m Build start
[32mCJS[39m [1mdist/index.js            [22m[32m16.23 KB[39m
[32mCJS[39m [1mdist/button.module.js    [22m[32m16.18 KB[39m
[32mCJS[39m [1mdist/button.component.js [22m[32m15.93 KB[39m
[32mCJS[39m ⚡️ Build success in 69ms
[32mESM[39m [1mdist/chunk-NQNNXUPN.mjs   [22m[32m348.00 B[39m
[32mESM[39m [1mdist/button.module.mjs    [22m[32m127.00 B[39m
[32mESM[39m [1mdist/button.component.mjs [22m[32m102.00 B[39m
[32mESM[39m [1mdist/index.mjs            [22m[32m173.00 B[39m
[32mESM[39m [1mdist/chunk-CUVZDHXR.mjs   [22m[32m14.83 KB[39m
[32mESM[39m ⚡️ Build success in 79ms
DTS Build start
DTS ⚡️ Build success in 3910ms
DTS dist/index.d.ts             156.00 B
DTS dist/button.component.d.ts  733.00 B
DTS dist/button.module.d.ts     57.00 B
DTS dist/index.d.mts            158.00 B
DTS dist/button.component.d.mts 733.00 B
DTS dist/button.module.d.mts    57.00 B
