

> docs@0.0.0 build /Users/idt-macbook/Desktop/library/miraui/apps/docs
> ng build

[?25l[2m◼[22m Building...
[2K[1A[2K[G[33m⠋[39m Building...
[2K[1A[2K[G[33m⠙[39m Building...
[2K[1A[2K[G[33m⠹[39m Building...
[2K[1A[2K[G[33m⠸[39m Building...
[2K[1A[2K[G[33m⠼[39m Building...
[2K[1A[2K[G[33m⠴[39m Building...
[2K[1A[2K[G[33m⠦[39m Building...
[2K[1A[2K[G[33m⠧[39m Building...
[2K[1A[2K[G[33m⠇[39m Building...
[2K[1A[2K[G[33m⠏[39m Building...
[2K[1A[2K[G[33m⠋[39m Building...
[2K[1A[2K[G[33m⠙[39m Building...
[2K[1A[2K[G[33m⠹[39m Building...
[2K[1A[2K[G[33m⠸[39m Building...
[2K[1A[2K[G[33m⠼[39m Building...
[2K[1A[2K[G[33m⠴[39m Building...
[2K[1A[2K[G[33m⠦[39m Building...
[2K[1A[2K[G[33m⠧[39m Building...
[2K[1A[2K[G[33m⠇[39m Building...
[2K[1A[2K[G[33m⠏[39m Building...
[2K[1A[2K[G[33m⠋[39m Building...
[2K[1A[2K[G[33m⠙[39m Building...
[2K[1A[2K[G[33m⠹[39m Building...
[2K[1A[2K[G[33m⠸[39m Building...
[2K[1A[2K[G[33m⠼[39m Building...
[2K[1A[2K[G[33m⠴[39m Building...
[2K[1A[2K[G[33m⠦[39m Building...
[2K[1A[2K[G[32m✔[39m Building...
[2K[1A[2K[G
[31m[1m[31m(node:50976) Warning: To load an ES module, set "type": "module" in the package.json or use the .mjs extension.
(Use `node --trace-warnings ...` to show where the warning was created)[39m[22m[39m
[?25h[1mInitial chunk files[22m  [2m | [22m[1mNames[22m        [2m | [22m [1mRaw size[22m[2m | [22m[1mEstimated transfer size[22m
[32mmain-L4IRYEEC.js[39m     [2m | [22m[2mmain[22m         [2m | [22m[36m259.21 kB[39m[2m | [22m               [36m64.38 kB[39m
[32mpolyfills-SC4UBBZS.js[39m[2m | [22m[2mpolyfills[22m    [2m | [22m [36m34.52 kB[39m[2m | [22m               [36m11.28 kB[39m
[32mstyles-2R6NG3IJ.css[39m  [2m | [22m[2mstyles[22m       [2m | [22m  [36m7.64 kB[39m[2m | [22m                [36m2.00 kB[39m

[1m [22m                    [2m | [22m[1mInitial total[22m[2m | [22m[1m301.37 kB[22m[2m | [22m               [1m77.66 kB[22m

Application bundle generation complete. [2.820 seconds]

Output location: /Users/idt-macbook/Desktop/library/miraui/dist/docs

[?25h
