

> @miraui/badge@0.1.0 build /Users/idt-macbook/Desktop/library/miraui/packages/component/badge
> tsup src --dts

[34mCLI[39m Building entry: src/badge.component.ts, src/index.ts
[34mCLI[39m Using tsconfig: tsconfig.json
[34mCLI[39m tsup v8.3.5
[34mCLI[39m Using tsup config: /Users/idt-macbook/Desktop/library/miraui/packages/component/badge/tsup.config.ts
[34mCLI[39m Target: es2019
[34mCLI[39m Cleaning output folder
[34mCJS[39m Build start
[34mESM[39m Build start
[32mCJS[39m [1mdist/badge.component.js [22m[32m2.35 KB[39m
[32mCJS[39m [1mdist/index.js           [22m[32m2.33 KB[39m
[32mCJS[39m ⚡️ Build success in 48ms
[32mESM[39m [1mdist/chunk-SF56HNFX.mjs  [22m[32m1.38 KB[39m
[32mESM[39m [1mdist/index.mjs           [22m[32m100.00 B[39m
[32mESM[39m [1mdist/badge.component.mjs [22m[32m100.00 B[39m
[32mESM[39m ⚡️ Build success in 49ms
DTS Build start
DTS ⚡️ Build success in 3493ms
DTS dist/badge.component.d.ts  137.00 B
DTS dist/index.d.ts            55.00 B
DTS dist/badge.component.d.mts 137.00 B
DTS dist/index.d.mts           56.00 B
